<?xml version="1.0" encoding="UTF-8"?>
<testsuite name="ComputerRepairRequestTest" tests="2" skipped="0" failures="0" errors="0" timestamp="2025-03-03T16:27:09" hostname="DESKTOP-CN2VL3C" time="0.026">
  <properties/>
  <testcase name="First Test" classname="ComputerRepairRequestTest" time="0.022"/>
  <testcase name="Second Test" classname="ComputerRepairRequestTest" time="0.002"/>
  <system-out><![CDATA[]]></system-out>
  <system-err><![CDATA[]]></system-err>
</testsuite>
